<?xml version="1.0" encoding="UTF-8"?>
<!-- Generated by org.testng.reporters.JUnitReportReporter -->
<testsuite skipped="0" hostname="Raktim" name="storedproceduretesting.SPTesting" tests="6" failures="0" timestamp="2022-01-28T15:46:36 IST" time="0.199" errors="0">
  <testcase name="isSPExists" time="0.046" classname="storedproceduretesting.SPTesting"/>
  <system-out/>
  <testcase name="selectAllCustomersSP" time="0.088" classname="storedproceduretesting.SPTesting"/>
  <system-out/>
  <testcase name="SelectAllCustomersByCitySP" time="0.027" classname="storedproceduretesting.SPTesting"/>
  <system-out/>
  <testcase name="SelectAllCustomersByCityAndPinSP" time="0.012" classname="storedproceduretesting.SPTesting"/>
  <system-out/>
  <testcase name="GetCustomerShippingSP" time="0.013" classname="storedproceduretesting.SPTesting"/>
  <system-out/>
  <testcase name="get_order_by_custSP" time="0.013" classname="storedproceduretesting.SPTesting"/>
  <system-out/>
</testsuite> <!-- storedproceduretesting.SPTesting -->
