<?xml version="1.0" encoding="UTF-8"?>
<!-- Generated by org.testng.reporters.JUnitReportReporter -->
<testsuite skipped="0" hostname="Raktim" name="storedfunctiontesting.SFTesting" tests="3" failures="0" timestamp="2022-01-29T00:41:24 IST" time="0.319" errors="0">
  <testcase name="isSFExists" time="0.059" classname="storedfunctiontesting.SFTesting"/>
  <system-out/>
  <testcase name="CustomerLevelSF" time="0.037" classname="storedfunctiontesting.SFTesting"/>
  <system-out/>
  <testcase name="test_CustomerLevel_with_StoredProcedure" time="0.223" classname="storedfunctiontesting.SFTesting"/>
  <system-out/>
</testsuite> <!-- storedfunctiontesting.SFTesting -->
